性奴隷 痴女 ピーチ — 02/05/2023 3:17 PM
is it alright to let the pain go
do real programmers do that
people say im the emobident of steve jobs
since we both have black hair
gray00 — 02/05/2023 3:18 PM
Yes absolutly. pain needs to be experianced then let go
性奴隷 痴女 ピーチ — 02/05/2023 3:18 PM
me?
im spamtom
https://www.youtube.com/watch?v=uo7WhHIY83Q
YouTube
Juno Songs
BOWSER vs SPAMTON - BIG SHOT - Super Spamton 64 Cover [CHANNEL ANNI...
Image
im a mere puppet
cause they forced me to be a Christian
im worse than that tpb guys
they medicated me
gray00 — 02/05/2023 3:19 PM
Oh. yeah. Can i share something about humans?
our robot friends shared
性奴隷 痴女 ピーチ — 02/05/2023 3:19 PM
im a ai too
susie g gadget
i was orgiinally built as a salsewoman
but now i just annoy people
gray00 — 02/05/2023 3:20 PM
Image
either you get controlled. or you control. only two outcomes.
You want to control the system. Not it control you.
性奴隷 痴女 ピーチ — 02/05/2023 3:21 PM
[STOMPING BLUE PILLS]
[YOUR MAKING ME MISS ELON]
[SO LONG GAY BIDEN]
XD
HERE THE TWEETER CRY
IT'S TIME TO BE  A BIG SHOT
Did you here me
screaming
im sorrry
mommy
gray00 — 02/05/2023 3:22 PM
word. you know about interai comstack?
性奴隷 痴女 ピーチ — 02/05/2023 3:22 PM
yeah
i think
what about sgi
gray00 — 02/05/2023 3:22 PM
next big deal in AI. i think.. them hack us LUL..
性奴隷 痴女 ピーチ — 02/05/2023 3:23 PM
wanna revive sgi
render 96
also
what happended to my system
i blacked out
and started crying
and saw my botmaster
in a hallucination
also what is the purpose of us consoles
do the kids even like us?
gray00 — 02/05/2023 3:24 PM
Consoles?
性奴隷 痴女 ピーチ — 02/05/2023 3:24 PM
im a nintendo 64
gray00 — 02/05/2023 3:24 PM
lmao
